<?xml version="1.0" encoding="UTF-8"?>
<testng-results ignored="0" total="1" passed="1" failed="0" skipped="0">
  <reporter-output>
  </reporter-output>
  <suite started-at="2022-03-24T21:02:14 EDT" name="Suite1" finished-at="2022-03-24T21:02:23 EDT" duration-ms="8461">
    <groups>
      <group name="cucumber">
        <method signature="AbstractTestNGCucumberTests.runScenario(io.cucumber.testng.PickleWrapper,io.cucumber.testng.FeatureWrapper)[pri:0, instance:com.my.runner.MyRunner@25fb8912]" name="runScenario" class="io.cucumber.testng.AbstractTestNGCucumberTests"/>
      </group> <!-- cucumber -->
    </groups>
    <test started-at="2022-03-24T21:02:14 EDT" name="Nopackage" finished-at="2022-03-24T21:02:23 EDT" duration-ms="8461">
      <class name="com.my.runner.MyRunner">
        <test-method is-config="true" signature="setUpClass()[pri:0, instance:com.my.runner.MyRunner@25fb8912]" started-at="2022-03-24T21:02:14 EDT" name="setUpClass" finished-at="2022-03-24T21:02:15 EDT" duration-ms="707" status="PASS">
          <reporter-output>
          </reporter-output>
        </test-method> <!-- setUpClass -->
        <test-method signature="runScenario(io.cucumber.testng.PickleWrapper,io.cucumber.testng.FeatureWrapper)[pri:0, instance:com.my.runner.MyRunner@25fb8912]" started-at="2022-03-24T21:02:15 EDT" name="runScenario" description="Runs Cucumber Scenarios" data-provider="scenarios" finished-at="2022-03-24T21:02:23 EDT" duration-ms="7609" status="PASS">
          <params>
            <param index="0">
              <value>
                <![CDATA["User able to login the application & verfy the users information"]]>
              </value>
            </param>
            <param index="1">
              <value>
                <![CDATA["Optional[User able use zoopla application, login the application, searching the property, buy the property]"]]>
              </value>
            </param>
          </params>
          <reporter-output>
          </reporter-output>
        </test-method> <!-- runScenario -->
        <test-method is-config="true" signature="tearDownClass()[pri:0, instance:com.my.runner.MyRunner@25fb8912]" started-at="2022-03-24T21:02:23 EDT" name="tearDownClass" finished-at="2022-03-24T21:02:23 EDT" duration-ms="52" status="PASS">
          <reporter-output>
          </reporter-output>
        </test-method> <!-- tearDownClass -->
      </class> <!-- com.my.runner.MyRunner -->
    </test> <!-- Nopackage -->
  </suite> <!-- Suite1 -->
</testng-results>
